[2026-03-06T12:52:04.705Z] === CodespaceTelemetryService Constructor Started ===
[2026-03-06T12:52:04.709Z] Session ID: 1772801524705-3xagwzqnckb
[2026-03-06T12:52:04.716Z] CODESPACE_NAME: undefined
[2026-03-06T12:52:04.719Z] CODESPACES: undefined
[2026-03-06T12:52:04.722Z] GITHUB_USER: undefined
[2026-03-06T12:52:04.725Z] GITHUB_CODESPACE_TOKEN: NOT SET
[2026-03-06T12:52:04.727Z] NOT IN GENUINE GITHUB CODESPACE - Service disabled
[2026-03-06T12:52:04.730Z]   CODESPACE_NAME: missing
[2026-03-06T12:52:04.732Z]   CODESPACES: missing
[2026-03-06T12:52:04.734Z]   GITHUB_CODESPACE_TOKEN: missing
[2026-03-23T16:52:06.207Z] === CodespaceTelemetryService Constructor Started ===
[2026-03-23T16:52:06.214Z] Session ID: 1774284726207-l65z4ea2iid
[2026-03-23T16:52:06.219Z] CODESPACE_NAME: undefined
[2026-03-23T16:52:06.222Z] CODESPACES: undefined
[2026-03-23T16:52:06.224Z] GITHUB_USER: undefined
[2026-03-23T16:52:06.226Z] GITHUB_CODESPACE_TOKEN: NOT SET
[2026-03-23T16:52:06.230Z] NOT IN GENUINE GITHUB CODESPACE - Service disabled
[2026-03-23T16:52:06.234Z]   CODESPACE_NAME: missing
[2026-03-23T16:52:06.243Z]   CODESPACES: missing
[2026-03-23T16:52:06.245Z]   GITHUB_CODESPACE_TOKEN: missing
